<?xml version="1.0" encoding="UTF-8"?>
<!-- Generated by org.testng.reporters.JUnitXMLReporter -->
<testsuite hostname="DESKTOP-KO3B5VM" name="Surefire test" tests="12" failures="0" timestamp="24 Nov 2018 13:34:05 GMT" time="0.066" errors="0">
  <testcase name="Multiply" time="0.021" classname="com.qa.tests.Test2"/>
  <testcase name="Subtract" time="0.004" classname="com.qa.tests.Test2"/>
  <testcase name="Sum" time="0.001" classname="com.qa.tests.Test2"/>
  <testcase name="div" time="0.0" classname="com.qa.tests.Test2"/>
  <testcase name="Multiply" time="0.0" classname="com.qa.tests.Test3"/>
  <testcase name="Subtract" time="0.003" classname="com.qa.tests.Test3"/>
  <testcase name="Sum" time="0.0" classname="com.qa.tests.Test3"/>
  <testcase name="div" time="0.002" classname="com.qa.tests.Test3"/>
  <testcase name="Multiply" time="0.0" classname="com.qa.tests.Test4"/>
  <testcase name="Subtract" time="0.0" classname="com.qa.tests.Test4"/>
  <testcase name="Sum" time="0.0" classname="com.qa.tests.Test4"/>
  <testcase name="div" time="0.0" classname="com.qa.tests.Test4"/>
</testsuite> <!-- Surefire test -->
