<?xml version="1.0" encoding="UTF-8"?>
<!-- Generated by org.testng.reporters.JUnitXMLReporter -->
<testsuite hostname="DESKTOP-KO3B5VM" name="Default test" tests="4" failures="0" timestamp="20 Jun 2018 19:11:11 GMT" time="0.062" errors="0">
  <testcase name="Multiply" time="0.019" classname="com.qa.tests.DemoTest1"/>
  <testcase name="Subtract" time="0.003" classname="com.qa.tests.DemoTest1"/>
  <testcase name="Sum" time="0.003" classname="com.qa.tests.DemoTest1"/>
  <testcase name="div" time="0.004" classname="com.qa.tests.DemoTest1"/>
</testsuite> <!-- Default test -->
