<?xml version="1.0" encoding="UTF-8"?>
<testng-results skipped="0" failed="0" total="12" passed="12">
  <reporter-output>
  </reporter-output>
  <suite name="Surefire suite" duration-ms="66" started-at="2018-11-24T13:34:04Z" finished-at="2018-11-24T13:34:05Z">
    <groups>
    </groups>
    <test name="Surefire test" duration-ms="66" started-at="2018-11-24T13:34:04Z" finished-at="2018-11-24T13:34:05Z">
      <class name="com.qa.tests.Test4">
        <test-method status="PASS" signature="Subtract()[pri:0, instance:com.qa.tests.Test4@7f63425a]" name="Subtract" duration-ms="0" started-at="2018-11-24T08:34:05Z" finished-at="2018-11-24T08:34:05Z">
          <reporter-output>
          </reporter-output>
        </test-method> <!-- Subtract -->
        <test-method status="PASS" signature="Multiply()[pri:0, instance:com.qa.tests.Test4@7f63425a]" name="Multiply" duration-ms="0" started-at="2018-11-24T08:34:05Z" finished-at="2018-11-24T08:34:05Z">
          <reporter-output>
          </reporter-output>
        </test-method> <!-- Multiply -->
        <test-method status="PASS" signature="Sum()[pri:0, instance:com.qa.tests.Test4@7f63425a]" name="Sum" duration-ms="0" started-at="2018-11-24T08:34:05Z" finished-at="2018-11-24T08:34:05Z">
          <reporter-output>
          </reporter-output>
        </test-method> <!-- Sum -->
        <test-method status="PASS" signature="div()[pri:0, instance:com.qa.tests.Test4@7f63425a]" name="div" duration-ms="0" started-at="2018-11-24T08:34:05Z" finished-at="2018-11-24T08:34:05Z">
          <reporter-output>
          </reporter-output>
        </test-method> <!-- div -->
      </class> <!-- com.qa.tests.Test4 -->
      <class name="com.qa.tests.Test3">
        <test-method status="PASS" signature="Multiply()[pri:0, instance:com.qa.tests.Test3@36d64342]" name="Multiply" duration-ms="0" started-at="2018-11-24T08:34:05Z" finished-at="2018-11-24T08:34:05Z">
          <reporter-output>
          </reporter-output>
        </test-method> <!-- Multiply -->
        <test-method status="PASS" signature="Subtract()[pri:0, instance:com.qa.tests.Test3@36d64342]" name="Subtract" duration-ms="3" started-at="2018-11-24T08:34:05Z" finished-at="2018-11-24T08:34:05Z">
          <reporter-output>
          </reporter-output>
        </test-method> <!-- Subtract -->
        <test-method status="PASS" signature="Sum()[pri:0, instance:com.qa.tests.Test3@36d64342]" name="Sum" duration-ms="0" started-at="2018-11-24T08:34:05Z" finished-at="2018-11-24T08:34:05Z">
          <reporter-output>
          </reporter-output>
        </test-method> <!-- Sum -->
        <test-method status="PASS" signature="div()[pri:0, instance:com.qa.tests.Test3@36d64342]" name="div" duration-ms="2" started-at="2018-11-24T08:34:05Z" finished-at="2018-11-24T08:34:05Z">
          <reporter-output>
          </reporter-output>
        </test-method> <!-- div -->
      </class> <!-- com.qa.tests.Test3 -->
      <class name="com.qa.tests.Test2">
        <test-method status="PASS" signature="Multiply()[pri:0, instance:com.qa.tests.Test2@27f674d]" name="Multiply" duration-ms="21" started-at="2018-11-24T08:34:05Z" finished-at="2018-11-24T08:34:05Z">
          <reporter-output>
          </reporter-output>
        </test-method> <!-- Multiply -->
        <test-method status="PASS" signature="Subtract()[pri:0, instance:com.qa.tests.Test2@27f674d]" name="Subtract" duration-ms="4" started-at="2018-11-24T08:34:05Z" finished-at="2018-11-24T08:34:05Z">
          <reporter-output>
          </reporter-output>
        </test-method> <!-- Subtract -->
        <test-method status="PASS" signature="Sum()[pri:0, instance:com.qa.tests.Test2@27f674d]" name="Sum" duration-ms="1" started-at="2018-11-24T08:34:05Z" finished-at="2018-11-24T08:34:05Z">
          <reporter-output>
          </reporter-output>
        </test-method> <!-- Sum -->
        <test-method status="PASS" signature="div()[pri:0, instance:com.qa.tests.Test2@27f674d]" name="div" duration-ms="0" started-at="2018-11-24T08:34:05Z" finished-at="2018-11-24T08:34:05Z">
          <reporter-output>
          </reporter-output>
        </test-method> <!-- div -->
      </class> <!-- com.qa.tests.Test2 -->
    </test> <!-- Surefire test -->
  </suite> <!-- Surefire suite -->
</testng-results>
