<?xml version="1.0" encoding="UTF-8"?>
<!-- Generated by org.testng.reporters.JUnitReportReporter -->
<testsuite hostname="DESKTOP-KO3B5VM" name="com.qa.tests.Test3" tests="4" failures="0" timestamp="20 Jun 2018 20:30:18 GMT" time="0.000" errors="0">
  <testcase name="div" time="0.000" classname="com.qa.tests.Test3"/>
  <testcase name="Subtract" time="0.000" classname="com.qa.tests.Test3"/>
  <testcase name="Multiply" time="0.000" classname="com.qa.tests.Test3"/>
  <testcase name="Sum" time="0.000" classname="com.qa.tests.Test3"/>
</testsuite> <!-- com.qa.tests.Test3 -->
