<?xml version="1.0" encoding="UTF-8"?>
<!-- Generated by org.testng.reporters.JUnitXMLReporter -->
<testsuite hostname="DESKTOP-KO3B5VM" name="Test Maven Testing" tests="12" failures="0" timestamp="20 Jun 2018 20:30:17 GMT" time="0.109" errors="0">
  <testcase name="Multiply" time="0.016" classname="com.qa.tests.Test2"/>
  <testcase name="Subtract" time="0.0" classname="com.qa.tests.Test2"/>
  <testcase name="Sum" time="0.0" classname="com.qa.tests.Test2"/>
  <testcase name="div" time="0.0" classname="com.qa.tests.Test2"/>
  <testcase name="Multiply" time="0.0" classname="com.qa.tests.Test3"/>
  <testcase name="Subtract" time="0.0" classname="com.qa.tests.Test3"/>
  <testcase name="Sum" time="0.0" classname="com.qa.tests.Test3"/>
  <testcase name="div" time="0.0" classname="com.qa.tests.Test3"/>
  <testcase name="Multiply" time="0.0" classname="com.qa.tests.Test4"/>
  <testcase name="Subtract" time="0.0" classname="com.qa.tests.Test4"/>
  <testcase name="Sum" time="0.0" classname="com.qa.tests.Test4"/>
  <testcase name="div" time="0.0" classname="com.qa.tests.Test4"/>
</testsuite> <!-- Test Maven Testing -->
